[  1539.212] (WW) Failed to open protocol names file lib/xorg/protocol.txt
[  1539.213] 
X.Org X Server 1.20.13
X Protocol Version 11, Revision 0
[  1539.213] Build Operating System: Linux Archlinux
[  1539.213] Current Operating System: Linux DESKTOP-92AMA1I 5.10.16.3-microsoft-standard-WSL2 #1 SMP Fri Apr 2 22:23:49 UTC 2021 x86_64
[  1539.213] Kernel command line: initrd=\initrd.img panic=-1 pty.legacy_count=0 nr_cpus=6
[  1539.213] Build Date: 04 August 2021  08:13:54AM
[  1539.213]  
[  1539.213] Current version of pixman: 0.40.0
[  1539.213] 	Before reporting problems, check http://wiki.x.org
	to make sure that you have the latest version.
[  1539.213] Markers: (--) probed, (**) from config file, (==) default setting,
	(++) from command line, (!!) notice, (II) informational,
	(WW) warning, (EE) error, (NI) not implemented, (??) unknown.
[  1539.213] (==) Log file: "/home/harlan/.local/share/xorg/Xorg.0.log", Time: Wed Sep 29 14:22:26 2021
[  1539.213] (==) Using system config directory "/usr/share/X11/xorg.conf.d"
[  1539.214] (==) No Layout section.  Using the first Screen section.
[  1539.214] (==) No screen section available. Using defaults.
[  1539.214] (**) |-->Screen "Default Screen Section" (0)
[  1539.214] (**) |   |-->Monitor "<default monitor>"
[  1539.214] (==) No monitor specified for screen "Default Screen Section".
	Using a default monitor configuration.
[  1539.214] (==) Automatically adding devices
[  1539.214] (==) Automatically enabling devices
[  1539.214] (==) Automatically adding GPU devices
[  1539.214] (==) Automatically binding GPU devices
[  1539.214] (==) Max clients allowed: 256, resource mask: 0x1fffff
[  1539.214] (WW) The directory "/usr/share/fonts/misc" does not exist.
[  1539.214] 	Entry deleted from font path.
[  1539.214] (WW) The directory "/usr/share/fonts/TTF" does not exist.
[  1539.214] 	Entry deleted from font path.
[  1539.214] (WW) The directory "/usr/share/fonts/OTF" does not exist.
[  1539.214] 	Entry deleted from font path.
[  1539.214] (WW) The directory "/usr/share/fonts/Type1" does not exist.
[  1539.214] 	Entry deleted from font path.
[  1539.214] (WW) The directory "/usr/share/fonts/100dpi" does not exist.
[  1539.214] 	Entry deleted from font path.
[  1539.214] (WW) The directory "/usr/share/fonts/75dpi" does not exist.
[  1539.214] 	Entry deleted from font path.
[  1539.214] (==) FontPath set to:
	
[  1539.214] (==) ModulePath set to "/usr/lib/xorg/modules"
[  1539.214] (II) The server relies on udev to provide the list of input devices.
	If no devices become available, reconfigure udev or disable AutoAddDevices.
[  1539.214] (II) Module ABI versions:
[  1539.214] 	X.Org ANSI C Emulation: 0.4
[  1539.214] 	X.Org Video Driver: 24.1
[  1539.214] 	X.Org XInput driver : 24.1
[  1539.214] 	X.Org Server Extension : 10.0
[  1539.214] (EE) dbus-core: error connecting to system bus: org.freedesktop.DBus.Error.FileNotFound (Failed to connect to socket /run/dbus/system_bus_socket: No such file or directory)
[  1539.214] (II) no primary bus or device found
[  1539.214] (WW) Open ACPI failed (/var/run/acpid.socket) (No such file or directory)
[  1539.214] (II) LoadModule: "glx"
[  1539.214] (II) Loading /usr/lib/xorg/modules/extensions/libglx.so
[  1539.215] (II) Module glx: vendor="X.Org Foundation"
[  1539.215] 	compiled for 1.20.13, module version = 1.0.0
[  1539.215] 	ABI class: X.Org Server Extension, version 10.0
[  1539.215] (==) Matched modesetting as autoconfigured driver 0
[  1539.215] (==) Matched fbdev as autoconfigured driver 1
[  1539.215] (==) Matched vesa as autoconfigured driver 2
[  1539.215] (==) Assigned the driver to the xf86ConfigLayout
[  1539.215] (II) LoadModule: "modesetting"
[  1539.215] (II) Loading /usr/lib/xorg/modules/drivers/modesetting_drv.so
[  1539.215] (II) Module modesetting: vendor="X.Org Foundation"
[  1539.215] 	compiled for 1.20.13, module version = 1.20.13
[  1539.215] 	Module class: X.Org Video Driver
[  1539.215] 	ABI class: X.Org Video Driver, version 24.1
[  1539.215] (II) LoadModule: "fbdev"
[  1539.215] (WW) Warning, couldn't open module fbdev
[  1539.215] (EE) Failed to load module "fbdev" (module does not exist, 0)
[  1539.216] (II) LoadModule: "vesa"
[  1539.216] (WW) Warning, couldn't open module vesa
[  1539.216] (EE) Failed to load module "vesa" (module does not exist, 0)
[  1539.216] (II) modesetting: Driver for Modesetting Kernel Drivers: kms
[  1539.216] (EE) 
Fatal server error:
[  1539.216] (EE) parse_vt_settings: Cannot open /dev/tty0 (Permission denied)
[  1539.216] (EE) 
[  1539.216] (EE) 
Please consult the The X.Org Foundation support 
	 at http://wiki.x.org
 for help. 
[  1539.216] (EE) Please also check the log file at "/home/harlan/.local/share/xorg/Xorg.0.log" for additional information.
[  1539.216] (EE) 
[  1539.216] (WW) xf86CloseConsole: KDSETMODE failed: Bad file descriptor
[  1539.216] (WW) xf86CloseConsole: VT_GETMODE failed: Bad file descriptor
[  1539.216] (EE) Server terminated with error (1). Closing log file.
