[20210929-20:05:39] [INFO ] Socket 13: AF_UNIX connection received
[20210929-20:05:41] [INFO ] sound_process_training: round trip time 100
[20210929-20:07:23] [INFO ] Socket 18: AF_UNIX connection received
[20210929-20:18:22] [ERROR] clipboard_event_selection_request: unknown target image/png
[20210929-20:18:22] [ERROR] clipboard_event_selection_request: unknown target image/jpeg
[20210929-20:18:22] [ERROR] clipboard_event_selection_request: unknown target image/gif
[20210929-20:18:43] [ERROR] clipboard_event_selection_request: unknown target image/png
[20210929-20:18:44] [ERROR] clipboard_event_selection_request: unknown target image/jpeg
[20210929-20:18:44] [ERROR] clipboard_event_selection_request: unknown target image/gif
[20210929-20:18:46] [ERROR] clipboard_event_selection_request: unknown target image/png
[20210929-20:18:47] [ERROR] clipboard_event_selection_request: unknown target image/jpeg
[20210929-20:18:47] [ERROR] clipboard_event_selection_request: unknown target image/gif
[20210929-20:18:52] [ERROR] clipboard_event_selection_request: unknown target image/png
[20210929-20:18:52] [ERROR] clipboard_event_selection_request: unknown target image/jpeg
[20210929-20:18:52] [ERROR] clipboard_event_selection_request: unknown target image/gif
[20210929-20:21:47] [ERROR] clipboard_event_selection_request: unknown target text/plain;charset=utf-8
[20210929-20:26:40] [ERROR] clipboard_event_selection_request: unknown target text/plain;charset=utf-8
[20210929-20:26:41] [ERROR] clipboard_event_selection_request: unknown target text/plain;charset=utf-8
[20210929-20:26:54] [ERROR] clipboard_event_selection_request: unknown target text/plain;charset=utf-8
[20210929-20:26:59] [ERROR] clipboard_event_selection_request: unknown target text/plain;charset=utf-8
[20210929-20:27:09] [ERROR] clipboard_event_selection_request: unknown target text/plain;charset=utf-8
[20210929-20:27:11] [ERROR] clipboard_event_selection_request: unknown target text/plain;charset=utf-8
[20210929-20:27:55] [ERROR] clipboard_event_selection_request: unknown target text/plain;charset=utf-8
[20210929-20:27:57] [ERROR] clipboard_event_selection_request: unknown target text/plain;charset=utf-8
[20210929-20:35:00] [ERROR] clipboard_event_selection_request: unknown target text/plain;charset=utf-8
[20210929-20:35:13] [ERROR] clipboard_event_selection_request: unknown target text/plain;charset=utf-8
[20210929-20:35:15] [ERROR] clipboard_event_selection_request: unknown target text/plain;charset=utf-8
[20210929-20:35:34] [ERROR] clipboard_event_selection_request: unknown target text/plain;charset=utf-8
[20210929-20:35:43] [ERROR] clipboard_event_selection_request: unknown target text/plain;charset=utf-8
[20210929-20:35:47] [ERROR] clipboard_event_selection_request: unknown target text/plain;charset=utf-8
[20210929-20:58:49] [ERROR] clipboard_event_selection_request: unknown target image/png
[20210929-20:58:49] [ERROR] clipboard_event_selection_request: unknown target image/jpeg
[20210929-20:58:49] [ERROR] clipboard_event_selection_request: unknown target image/gif
[20210929-21:06:53] [ERROR] clipboard_event_selection_request: unknown target text/plain;charset=utf-8
[20210929-21:09:03] [ERROR] clipboard_event_selection_request: unknown target text/plain;charset=utf-8
[20210929-21:13:01] [ERROR] clipboard_event_selection_request: unknown target text/plain;charset=utf-8
[20210929-21:14:14] [ERROR] clipboard_event_selection_request: unknown target text/plain;charset=utf-8
[20210929-21:14:29] [ERROR] clipboard_event_selection_request: unknown target text/plain;charset=utf-8
[20210929-21:15:27] [ERROR] clipboard_event_selection_request: unknown target text/plain;charset=utf-8
[20210929-21:15:37] [ERROR] clipboard_event_selection_request: unknown target text/plain;charset=utf-8
[20210929-21:15:37] [ERROR] clipboard_event_selection_request: unknown target text/plain;charset=utf-8
[20210929-21:15:54] [ERROR] clipboard_event_selection_request: unknown target text/plain;charset=utf-8
[20210929-21:16:08] [ERROR] clipboard_event_selection_request: unknown target COMPOUND_TEXT
[20210929-21:16:54] [ERROR] clipboard_event_selection_request: unknown target text/plain;charset=utf-8
[20210929-21:17:28] [ERROR] clipboard_event_selection_request: unknown target text/plain;charset=utf-8
[20210929-21:17:28] [ERROR] clipboard_event_selection_request: unknown target text/plain;charset=utf-8
[20210929-21:17:51] [ERROR] clipboard_event_selection_request: unknown target text/plain;charset=utf-8
[20210929-21:17:58] [ERROR] clipboard_event_selection_request: unknown target text/plain;charset=utf-8
[20210929-21:18:26] [ERROR] clipboard_event_selection_request: unknown target text/plain;charset=utf-8
[20210929-21:18:26] [ERROR] clipboard_event_selection_request: unknown target text/plain;charset=utf-8
[20210929-21:18:52] [ERROR] clipboard_event_selection_request: unknown target text/plain;charset=utf-8
[20210929-21:23:06] [ERROR] clipboard_event_selection_request: unknown target text/plain;charset=utf-8
[20210929-21:23:07] [ERROR] clipboard_event_selection_request: unknown target text/plain;charset=utf-8
[20210929-21:31:37] [ERROR] clipboard_event_selection_request: unknown target text/plain;charset=utf-8
[20210929-21:39:53] [ERROR] clipboard_event_selection_request: unknown target text/plain;charset=utf-8
[20210929-21:41:29] [ERROR] clipboard_event_selection_request: unknown target text/plain;charset=utf-8
